<?xml version="1.0" encoding="UTF-8"?>
<!-- Generated by org.testng.reporters.JUnitReportReporter -->
<testsuite hostname="DESKTOP-3ODQF5O" failures="0" tests="1" name="Test.AddProductCarTest" time="25.103" errors="0" timestamp="2020-06-25T18:21:02 CLT" skipped="0">
  <testcase classname="Test.AddProductCarTest" name="Navigation" time="25.103"/>
  <system-out/>
</testsuite> <!-- Test.AddProductCarTest -->
