<?xml version="1.0" encoding="UTF-8"?>
<!-- Generated by org.testng.reporters.JUnitReportReporter -->
<testsuite hostname="DESKTOP-3ODQF5O" failures="0" tests="1" name="Test.AddProductCarTest" time="20.253" errors="0" timestamp="2020-06-15T13:02:42 CLT" skipped="0">
  <testcase classname="Test.AddProductCarTest" name="BaseNavigation" time="20.253"/>
  <system-out/>
</testsuite> <!-- Test.AddProductCarTest -->
