<?xml version="1.0" encoding="UTF-8"?>
<!-- Generated by org.testng.reporters.JUnitReportReporter -->
<testsuite hostname="DESKTOP-3ODQF5O" failures="0" tests="3" name="consolaAction" time="22.132" errors="0" timestamp="2020-06-14T15:51:34 CLT" skipped="0">
  <testcase classname="consolaAction" name="BaseNavigation" time="5.260"/>
  <system-out/>
  <testcase classname="consolaAction" name="SearchProduct" time="8.629"/>
  <system-out/>
  <testcase classname="consolaAction" name="addProduct" time="8.243"/>
  <system-out/>
</testsuite> <!-- consolaAction -->
